<?xml version="1.0" encoding="utf-8"?><testsuites name="pytest tests"><testsuite name="pytest" errors="0" failures="0" skipped="0" tests="26" time="9.147" timestamp="2026-07-07T15:41:08.069375+00:00" hostname="agent-env-b96a12b1-4362-431b-a1a3-8975858ef485"><testcase classname="backend.tests.backend_test.TestHealth" name="test_root" time="0.274" /><testcase classname="backend.tests.backend_test.TestHealth" name="test_seed_idempotent" time="0.118" /><testcase classname="backend.tests.backend_test.TestAuth" name="test_login_demo_customer" time="0.302" /><testcase classname="backend.tests.backend_test.TestAuth" name="test_login_bad" time="0.299" /><testcase classname="backend.tests.backend_test.TestAuth" name="test_me_requires_token" time="0.080" /><testcase classname="backend.tests.backend_test.TestAuth" name="test_me_with_token" time="0.461" /><testcase classname="backend.tests.backend_test.TestAuth" name="test_register_new_and_duplicate" time="0.345" /><testcase classname="backend.tests.backend_test.TestCatalog" name="test_categories" time="0.079" /><testcase classname="backend.tests.backend_test.TestCatalog" name="test_products_only_approved" time="0.040" /><testcase classname="backend.tests.backend_test.TestCatalog" name="test_products_filters" time="0.203" /><testcase classname="backend.tests.backend_test.TestCatalog" name="test_product_detail_has_seller_name" time="0.075" /><testcase classname="backend.tests.backend_test.TestCatalog" name="test_product_not_found" time="0.080" /><testcase classname="backend.tests.backend_test.TestSellerAdmin" name="test_new_product_is_pending" time="0.666" /><testcase classname="backend.tests.backend_test.TestSellerAdmin" name="test_pending_visible_to_admin" time="0.043" /><testcase classname="backend.tests.backend_test.TestSellerAdmin" name="test_approve_flow" time="0.123" /><testcase classname="backend.tests.backend_test.TestSellerAdmin" name="test_update_resets_to_pending" time="0.079" /><testcase classname="backend.tests.backend_test.TestSellerAdmin" name="test_reject_flow" time="0.120" /><testcase classname="backend.tests.backend_test.TestSellerAdmin" name="test_admin_stats" time="0.079" /><testcase classname="backend.tests.backend_test.TestRoleGuards" name="test_customer_cannot_approve" time="0.081" /><testcase classname="backend.tests.backend_test.TestRoleGuards" name="test_seller_cannot_admin" time="0.046" /><testcase classname="backend.tests.backend_test.TestRoleGuards" name="test_unauth_cannot_access_cart" time="0.041" /><testcase classname="backend.tests.backend_test.TestCartCheckout" name="test_cart_flow_and_checkout" time="0.521" /><testcase classname="backend.tests.backend_test.TestCartCheckout" name="test_checkout_empty_cart" time="0.124" /><testcase classname="backend.tests.backend_test.TestWishlist" name="test_wishlist_flow" time="0.330" /><testcase classname="backend.tests.backend_test.TestReviews" name="test_review_flow" time="0.245" /><testcase classname="backend.tests.backend_test.TestAI" name="test_ai_description" time="4.214" /></testsuite></testsuites>