<?xml version="1.0" encoding="utf-8"?><testsuites name="pytest tests"><testsuite name="pytest" errors="0" failures="0" skipped="0" tests="26" time="9.261" timestamp="2026-07-07T15:13:55.668861+00:00" hostname="agent-env-b96a12b1-4362-431b-a1a3-8975858ef485"><testcase classname="backend.tests.backend_test.TestHealth" name="test_root" time="0.251" /><testcase classname="backend.tests.backend_test.TestHealth" name="test_seed_idempotent" time="0.125" /><testcase classname="backend.tests.backend_test.TestAuth" name="test_login_demo_customer" time="0.267" /><testcase classname="backend.tests.backend_test.TestAuth" name="test_login_bad" time="0.263" /><testcase classname="backend.tests.backend_test.TestAuth" name="test_me_requires_token" time="0.050" /><testcase classname="backend.tests.backend_test.TestAuth" name="test_me_with_token" time="0.390" /><testcase classname="backend.tests.backend_test.TestAuth" name="test_register_new_and_duplicate" time="0.358" /><testcase classname="backend.tests.backend_test.TestCatalog" name="test_categories" time="0.040" /><testcase classname="backend.tests.backend_test.TestCatalog" name="test_products_only_approved" time="0.038" /><testcase classname="backend.tests.backend_test.TestCatalog" name="test_products_filters" time="0.247" /><testcase classname="backend.tests.backend_test.TestCatalog" name="test_product_detail_has_seller_name" time="0.088" /><testcase classname="backend.tests.backend_test.TestCatalog" name="test_product_not_found" time="0.081" /><testcase classname="backend.tests.backend_test.TestSellerAdmin" name="test_new_product_is_pending" time="0.738" /><testcase classname="backend.tests.backend_test.TestSellerAdmin" name="test_pending_visible_to_admin" time="0.047" /><testcase classname="backend.tests.backend_test.TestSellerAdmin" name="test_approve_flow" time="0.127" /><testcase classname="backend.tests.backend_test.TestSellerAdmin" name="test_update_resets_to_pending" time="0.082" /><testcase classname="backend.tests.backend_test.TestSellerAdmin" name="test_reject_flow" time="0.161" /><testcase classname="backend.tests.backend_test.TestSellerAdmin" name="test_admin_stats" time="0.068" /><testcase classname="backend.tests.backend_test.TestRoleGuards" name="test_customer_cannot_approve" time="0.185" /><testcase classname="backend.tests.backend_test.TestRoleGuards" name="test_seller_cannot_admin" time="0.038" /><testcase classname="backend.tests.backend_test.TestRoleGuards" name="test_unauth_cannot_access_cart" time="0.043" /><testcase classname="backend.tests.backend_test.TestCartCheckout" name="test_cart_flow_and_checkout" time="0.460" /><testcase classname="backend.tests.backend_test.TestCartCheckout" name="test_checkout_empty_cart" time="0.094" /><testcase classname="backend.tests.backend_test.TestWishlist" name="test_wishlist_flow" time="0.283" /><testcase classname="backend.tests.backend_test.TestReviews" name="test_review_flow" time="0.240" /><testcase classname="backend.tests.backend_test.TestAI" name="test_ai_description" time="4.212" /></testsuite></testsuites>